<?xml version="1.0" encoding="UTF-8"?>
<!-- Generated by org.testng.reporters.JUnitXMLReporter -->
<testsuite hostname="Admin" ignored="0" name="Default test" tests="7" failures="0" timestamp="10 Sep 2019 05:52:25 GMT" time="5.627" errors="0">
  <testcase name="channel_health_pl" time="0.031" classname="C_zentrix_Services.C_zentrix_Services.Service"/>
  <testcase name="cz_dialer_data_pl" time="0.015" classname="C_zentrix_Services.C_zentrix_Services.Service"/>
  <testcase name="czentrix_dialer_pl" time="0.016" classname="C_zentrix_Services.C_zentrix_Services.Service"/>
  <testcase name="dialer_manager_listen_pl" time="0.022" classname="C_zentrix_Services.C_zentrix_Services.Service"/>
  <testcase name="dialer_reporter_pl" time="0.002" classname="C_zentrix_Services.C_zentrix_Services.Service"/>
  <testcase name="erp_manager_pl" time="0.016" classname="C_zentrix_Services.C_zentrix_Services.Service"/>
  <testcase name="ftp_client_pl" time="0.0" classname="C_zentrix_Services.C_zentrix_Services.Service"/>
</testsuite> <!-- Default test -->
